<?xml version="1.0" encoding="UTF-8"?>
<!-- Generated by org.testng.reporters.JUnitReportReporter -->
<testsuite hostname="DESKTOP-56F7E9E" name="com.CardManagment.TestCases.LoginPage" tests="1" failures="0" timestamp="25 Feb 2023 06:54:06 GMT" time="11.245" errors="0">
  <testcase name="login" time="11.245" classname="com.CardManagment.TestCases.LoginPage"/>
</testsuite> <!-- com.CardManagment.TestCases.LoginPage -->
